2025-11-18 12:00:09,270 INFO Login successful.
2025-11-18 12:00:11,265 INFO Active rowers this season: 29
2025-11-18 12:00:46,709 INFO Planned 0 new workouts (interleaved across 29 rowers).
2025-11-18 12:00:46,710 INFO No new workouts to fetch. Done.
2025-11-18 12:00:46,710 INFO SQLite connection closed.
2025-11-18 12:00:46,711 INFO HTTP session closed.
2025-11-19 12:04:10,660 INFO Login successful.
2025-11-19 12:04:11,855 INFO Active rowers this season: 29
2025-11-19 12:04:28,775 INFO Planned 2 new workouts (interleaved across 29 rowers).
2025-11-19 12:04:30,186 INFO Fetched 2 workouts (with/without strokes).
2025-11-19 12:04:30,196 INFO ✅ Inserted 2 workouts.
2025-11-19 12:04:30,197 INFO Script ran successfully! Elapsed time: 21.04s
2025-11-19 12:04:30,197 INFO SQLite connection closed.
2025-11-19 12:04:30,197 INFO HTTP session closed.
2025-11-20 13:14:02,711 INFO Login successful.
2025-11-20 13:14:03,536 INFO Active rowers this season: 29
2025-11-20 13:14:21,602 INFO Planned 0 new workouts (interleaved across 29 rowers).
2025-11-20 13:14:21,602 INFO No new workouts to fetch. Done.
2025-11-20 13:14:21,602 INFO SQLite connection closed.
2025-11-20 13:14:21,603 INFO HTTP session closed.
2025-11-21 12:00:05,554 INFO Login successful.
2025-11-21 12:00:07,544 INFO Active rowers this season: 29
2025-11-21 12:00:33,147 INFO Planned 0 new workouts (interleaved across 29 rowers).
2025-11-21 12:00:33,148 INFO No new workouts to fetch. Done.
2025-11-21 12:00:33,148 INFO SQLite connection closed.
2025-11-21 12:00:33,149 INFO HTTP session closed.
2025-11-24 12:00:07,954 INFO Login successful.
2025-11-24 12:00:11,107 INFO Active rowers this season: 29
2025-11-24 12:00:42,013 INFO Planned 0 new workouts (interleaved across 29 rowers).
2025-11-24 12:00:42,013 INFO No new workouts to fetch. Done.
2025-11-24 12:00:42,014 INFO SQLite connection closed.
2025-11-24 12:00:42,014 INFO HTTP session closed.
2025-11-25 12:00:05,058 INFO Login successful.
2025-11-25 12:00:06,945 INFO Active rowers this season: 29
2025-11-25 12:00:39,757 INFO Planned 0 new workouts (interleaved across 29 rowers).
2025-11-25 12:00:39,757 INFO No new workouts to fetch. Done.
2025-11-25 12:00:39,758 INFO SQLite connection closed.
2025-11-25 12:00:39,758 INFO HTTP session closed.
2025-11-26 12:00:06,283 INFO Login successful.
2025-11-26 12:00:07,505 INFO Active rowers this season: 29
2025-11-26 12:00:36,584 INFO Planned 0 new workouts (interleaved across 29 rowers).
2025-11-26 12:00:36,584 INFO No new workouts to fetch. Done.
2025-11-26 12:00:36,586 INFO SQLite connection closed.
2025-11-26 12:00:36,586 INFO HTTP session closed.
2025-11-27 12:00:09,781 INFO Login successful.
2025-11-27 12:00:14,001 INFO Active rowers this season: 29
2025-11-27 12:00:59,105 INFO Planned 0 new workouts (interleaved across 29 rowers).
2025-11-27 12:00:59,105 INFO No new workouts to fetch. Done.
2025-11-27 12:00:59,106 INFO SQLite connection closed.
2025-11-27 12:00:59,106 INFO HTTP session closed.
2025-11-28 12:00:07,123 INFO Login successful.
2025-11-28 12:00:09,956 INFO Active rowers this season: 29
2025-11-28 12:00:37,307 INFO Planned 0 new workouts (interleaved across 29 rowers).
2025-11-28 12:00:37,308 INFO No new workouts to fetch. Done.
2025-11-28 12:00:37,308 INFO SQLite connection closed.
2025-11-28 12:00:37,308 INFO HTTP session closed.
2025-11-29 12:00:06,676 INFO Login successful.
2025-11-29 12:00:08,627 INFO Active rowers this season: 29
2025-11-29 12:00:32,517 INFO Planned 0 new workouts (interleaved across 29 rowers).
2025-11-29 12:00:32,517 INFO No new workouts to fetch. Done.
2025-11-29 12:00:32,517 INFO SQLite connection closed.
2025-11-29 12:00:32,518 INFO HTTP session closed.
2025-11-30 12:00:05,460 INFO Login successful.
2025-11-30 12:00:07,595 INFO Active rowers this season: 29
2025-11-30 12:00:28,613 INFO Planned 7 new workouts (interleaved across 29 rowers).
2025-11-30 12:00:32,454 INFO Fetched 7 workouts.
2025-11-30 12:00:32,485 INFO ✅ Inserted 7 workouts.
2025-11-30 12:00:32,486 INFO Script ran successfully! Elapsed time: 30.83s
2025-11-30 12:00:32,487 INFO SQLite connection closed.
2025-11-30 12:00:32,487 INFO HTTP session closed.
2025-12-01 12:00:05,737 INFO Login successful.
2025-12-01 12:00:07,218 INFO Active rowers this season: 29
2025-12-01 12:00:41,229 INFO Planned 0 new workouts (interleaved across 29 rowers).
2025-12-01 12:00:41,230 INFO No new workouts to fetch. Done.
2025-12-01 12:00:41,230 INFO SQLite connection closed.
2025-12-01 12:00:41,230 INFO HTTP session closed.
2025-12-02 12:00:04,984 INFO Login successful.
2025-12-02 12:00:06,655 INFO Active rowers this season: 29
2025-12-02 12:00:33,404 INFO Planned 1 new workouts (interleaved across 29 rowers).
2025-12-02 12:00:34,706 INFO Fetched 1 workouts.
2025-12-02 12:00:34,734 INFO ✅ Inserted 1 workouts.
2025-12-02 12:00:34,734 INFO Script ran successfully! Elapsed time: 32.26s
2025-12-02 12:00:34,734 INFO SQLite connection closed.
2025-12-02 12:00:34,735 INFO HTTP session closed.
2025-12-03 12:00:06,590 INFO Login successful.
2025-12-03 12:00:08,574 INFO Active rowers this season: 29
2025-12-03 12:00:38,499 INFO Planned 1 new workouts (interleaved across 29 rowers).
2025-12-03 12:00:40,180 INFO Fetched 1 workouts.
2025-12-03 12:00:40,187 INFO ✅ Inserted 1 workouts.
2025-12-03 12:00:40,187 INFO Script ran successfully! Elapsed time: 37.89s
2025-12-03 12:00:40,188 INFO SQLite connection closed.
2025-12-03 12:00:40,189 INFO HTTP session closed.
2025-12-04 12:44:14,207 INFO Login successful.
2025-12-04 12:44:14,888 INFO Active rowers this season: 29
2025-12-04 12:44:30,302 INFO Planned 0 new workouts (interleaved across 29 rowers).
2025-12-04 12:44:30,302 INFO No new workouts to fetch. Done.
2025-12-04 12:44:30,303 INFO SQLite connection closed.
2025-12-04 12:44:30,303 INFO HTTP session closed.
2025-12-05 12:00:08,523 INFO Login successful.
2025-12-05 12:00:12,555 INFO Active rowers this season: 29
2025-12-05 12:01:03,718 INFO Planned 2 new workouts (interleaved across 29 rowers).
2025-12-05 12:01:05,403 INFO Fetched 2 workouts.
2025-12-05 12:01:05,413 INFO ✅ Inserted 2 workouts.
2025-12-05 12:01:05,414 INFO Script ran successfully! Elapsed time: 63.09s
2025-12-05 12:01:05,414 INFO SQLite connection closed.
2025-12-05 12:01:05,414 INFO HTTP session closed.
2025-12-06 12:00:06,350 INFO Login successful.
2025-12-06 12:00:08,491 INFO Active rowers this season: 29
2025-12-06 12:00:44,802 INFO Planned 0 new workouts (interleaved across 29 rowers).
2025-12-06 12:00:44,802 INFO No new workouts to fetch. Done.
2025-12-06 12:00:44,803 INFO SQLite connection closed.
2025-12-06 12:00:44,804 INFO HTTP session closed.
2025-12-07 12:00:07,211 INFO Login successful.
2025-12-07 12:00:09,648 INFO Active rowers this season: 29
2025-12-07 12:00:43,789 INFO Planned 0 new workouts (interleaved across 29 rowers).
2025-12-07 12:00:43,789 INFO No new workouts to fetch. Done.
2025-12-07 12:00:43,790 INFO SQLite connection closed.
2025-12-07 12:00:43,790 INFO HTTP session closed.
2025-12-08 12:00:08,615 INFO Login successful.
2025-12-08 12:00:10,637 INFO Active rowers this season: 29
2025-12-08 12:01:06,133 INFO Planned 0 new workouts (interleaved across 29 rowers).
2025-12-08 12:01:06,133 INFO No new workouts to fetch. Done.
2025-12-08 12:01:06,134 INFO SQLite connection closed.
2025-12-08 12:01:06,134 INFO HTTP session closed.
2025-12-09 13:15:14,250 INFO Login successful.
2025-12-09 13:15:14,937 INFO Active rowers this season: 29
2025-12-09 13:15:31,708 INFO Planned 3 new workouts (interleaved across 29 rowers).
2025-12-09 13:15:33,343 INFO Fetched 3 workouts.
2025-12-09 13:15:33,356 INFO ✅ Inserted 3 workouts.
2025-12-09 13:15:33,357 INFO Script ran successfully! Elapsed time: 20.68s
2025-12-09 13:15:33,358 INFO SQLite connection closed.
2025-12-09 13:15:33,358 INFO HTTP session closed.
2025-12-10 12:00:09,740 INFO Login successful.
2025-12-10 12:00:13,869 INFO Active rowers this season: 29
2025-12-10 12:00:47,088 INFO Planned 0 new workouts (interleaved across 29 rowers).
2025-12-10 12:00:47,088 INFO No new workouts to fetch. Done.
2025-12-10 12:00:47,089 INFO SQLite connection closed.
2025-12-10 12:00:47,090 INFO HTTP session closed.
2025-12-11 12:58:19,083 INFO Login successful.
2025-12-11 12:58:20,536 INFO Active rowers this season: 29
2025-12-11 12:58:41,006 INFO Planned 0 new workouts (interleaved across 29 rowers).
2025-12-11 12:58:41,006 INFO No new workouts to fetch. Done.
2025-12-11 12:58:41,006 INFO SQLite connection closed.
2025-12-11 12:58:41,007 INFO HTTP session closed.
2026-01-15 12:00:04,384 INFO Login successful.
2026-01-15 12:00:05,481 INFO Active rowers this season: 29
2026-01-15 12:00:36,409 INFO Planned 0 new workouts (interleaved across 29 rowers).
2026-01-15 12:00:36,409 INFO No new workouts to fetch. Done.
2026-01-15 12:00:36,409 INFO SQLite connection closed.
2026-01-15 12:00:36,410 INFO HTTP session closed.
2026-01-19 12:00:09,615 INFO Login successful.
2026-01-19 12:00:16,224 INFO Active rowers this season: 29
2026-01-19 12:01:52,853 INFO Planned 0 new workouts (interleaved across 29 rowers).
2026-01-19 12:01:52,853 INFO No new workouts to fetch. Done.
2026-01-19 12:01:52,853 INFO SQLite connection closed.
2026-01-19 12:01:52,854 INFO HTTP session closed.
2026-01-21 12:00:04,916 INFO Login successful.
2026-01-21 12:00:05,544 INFO Active rowers this season: 29
2026-01-21 12:00:47,031 INFO Planned 1 new workouts (interleaved across 29 rowers).
2026-01-21 12:00:50,439 INFO Fetched 1 workouts.
2026-01-21 12:00:50,450 INFO ✅ Inserted 1 workouts.
2026-01-21 12:00:50,450 INFO Script ran successfully! Elapsed time: 48.50s
2026-01-21 12:00:50,451 INFO SQLite connection closed.
2026-01-21 12:00:50,451 INFO HTTP session closed.
2026-01-22 12:00:06,240 INFO Login successful.
2026-01-22 12:00:08,485 INFO Active rowers this season: 29
2026-01-22 12:00:49,017 INFO Planned 2 new workouts (interleaved across 29 rowers).
2026-01-22 12:00:50,562 INFO Fetched 2 workouts.
2026-01-22 12:00:50,591 INFO ✅ Inserted 2 workouts.
2026-01-22 12:00:50,591 INFO Script ran successfully! Elapsed time: 48.04s
2026-01-22 12:00:50,591 INFO SQLite connection closed.
2026-01-22 12:00:50,592 INFO HTTP session closed.
2026-01-23 12:00:05,786 INFO Login successful.
2026-01-23 12:00:08,348 INFO Active rowers this season: 29
2026-01-23 12:00:39,797 INFO Planned 0 new workouts (interleaved across 29 rowers).
2026-01-23 12:00:39,798 INFO No new workouts to fetch. Done.
2026-01-23 12:00:39,798 INFO SQLite connection closed.
2026-01-23 12:00:39,799 INFO HTTP session closed.
2026-01-26 12:00:07,197 INFO Login successful.
2026-01-26 12:00:09,808 INFO Active rowers this season: 29
2026-01-26 12:01:15,515 INFO Planned 12 new workouts (interleaved across 29 rowers).
2026-01-26 12:01:23,647 INFO Fetched 12 workouts.
2026-01-26 12:01:23,658 INFO ✅ Inserted 12 workouts.
2026-01-26 12:01:23,658 INFO Script ran successfully! Elapsed time: 81.58s
2026-01-26 12:01:23,658 INFO SQLite connection closed.
2026-01-26 12:01:23,659 INFO HTTP session closed.
2026-01-27 12:00:08,064 INFO Login successful.
2026-01-27 12:00:15,290 INFO Active rowers this season: 29
2026-01-27 12:01:36,775 INFO Planned 3 new workouts (interleaved across 29 rowers).
2026-01-27 12:01:38,272 ERROR HTTP 500 on https://log.concept2.com/api/users/2738782/results/111886401/strokes: <!DOCTYPE html>
<html>
<head>
  <meta charset="utf-8">
  <meta http-equiv="X-UA-Compatible" content="IE=edge">
  <meta name="viewport" content="width=device-width, initial-scale=1">
      <title>Conce
2026-01-27 12:01:38,274 INFO Fetched 3 workouts.
2026-01-27 12:01:38,301 INFO ✅ Inserted 3 workouts.
2026-01-27 12:01:38,301 INFO Script ran successfully! Elapsed time: 96.50s
2026-01-27 12:01:38,302 INFO SQLite connection closed.
2026-01-27 12:01:38,303 INFO HTTP session closed.
2026-01-30 12:13:18,603 INFO Login successful.
2026-01-30 12:13:20,705 INFO Active rowers this season: 29
2026-01-30 12:13:54,360 INFO Planned 8 new workouts (interleaved across 29 rowers).
2026-01-30 12:13:59,411 INFO Fetched 8 workouts.
2026-01-30 12:13:59,439 INFO ✅ Inserted 8 workouts.
2026-01-30 12:13:59,439 INFO Script ran successfully! Elapsed time: 45.32s
2026-01-30 12:13:59,440 INFO SQLite connection closed.
2026-01-30 12:13:59,440 INFO HTTP session closed.
2026-02-01 12:12:36,219 INFO Login successful.
2026-02-01 12:12:37,017 INFO Active rowers this season: 29
2026-02-01 12:13:06,149 INFO Planned 0 new workouts (interleaved across 29 rowers).
2026-02-01 12:13:06,149 INFO No new workouts to fetch. Done.
2026-02-01 12:13:06,149 INFO SQLite connection closed.
2026-02-01 12:13:06,150 INFO HTTP session closed.
2026-02-02 13:22:13,002 WARNING Retrying (Retry(total=4, connect=None, read=None, redirect=None, status=None)) after connection broken by 'NameResolutionError("<urllib3.connection.HTTPSConnection object at 0x763b71e3f700>: Failed to resolve 'log.concept2.com' ([Errno -3] Temporary failure in name resolution)")': /login
2026-02-02 13:22:14,018 WARNING Retrying (Retry(total=3, connect=None, read=None, redirect=None, status=None)) after connection broken by 'NameResolutionError("<urllib3.connection.HTTPSConnection object at 0x763b71e3f970>: Failed to resolve 'log.concept2.com' ([Errno -3] Temporary failure in name resolution)")': /login
2026-02-02 13:22:16,044 WARNING Retrying (Retry(total=2, connect=None, read=None, redirect=None, status=None)) after connection broken by 'NameResolutionError("<urllib3.connection.HTTPSConnection object at 0x763b71e3fb50>: Failed to resolve 'log.concept2.com' ([Errno -3] Temporary failure in name resolution)")': /login
2026-02-02 13:22:20,070 WARNING Retrying (Retry(total=1, connect=None, read=None, redirect=None, status=None)) after connection broken by 'NameResolutionError("<urllib3.connection.HTTPSConnection object at 0x763b71e3fd30>: Failed to resolve 'log.concept2.com' ([Errno -3] Temporary failure in name resolution)")': /login
2026-02-02 13:22:33,734 INFO Login successful.
2026-02-02 13:22:40,098 INFO Active rowers this season: 29
2026-02-02 13:25:07,220 INFO Planned 8 new workouts (interleaved across 29 rowers).
2026-02-02 13:25:20,339 INFO Fetched 8 workouts.
2026-02-02 13:25:20,353 INFO ✅ Inserted 8 workouts.
2026-02-02 13:25:20,353 INFO Script ran successfully! Elapsed time: 187.37s
2026-02-02 13:25:20,354 INFO SQLite connection closed.
2026-02-02 13:25:20,355 INFO HTTP session closed.
2026-02-03 12:00:16,463 INFO Login successful.
2026-02-03 12:00:23,404 INFO Active rowers this season: 29
2026-02-03 12:03:42,585 WARNING Retrying (Retry(total=4, connect=None, read=None, redirect=None, status=None)) after connection broken by 'ReadTimeoutError("HTTPSConnectionPool(host='log.concept2.com', port=443): Read timed out. (read timeout=30)")': /api/users/2445980/results?from=2026-02-01&to=2026-03-01&number=250&page=1
2026-02-03 12:04:41,984 WARNING Retrying (Retry(total=4, connect=None, read=None, redirect=None, status=None)) after connection broken by 'ReadTimeoutError("HTTPSConnectionPool(host='log.concept2.com', port=443): Read timed out. (read timeout=30)")': /api/users/2447894/results?from=2025-10-21&to=2026-03-01&number=250&page=1
2026-02-03 12:06:07,909 INFO Planned 2 new workouts (interleaved across 29 rowers).
2026-02-03 12:06:23,019 INFO Fetched 2 workouts.
2026-02-03 12:06:23,046 INFO ✅ Inserted 2 workouts.
2026-02-03 12:06:23,046 INFO Script ran successfully! Elapsed time: 380.70s
2026-02-03 12:06:23,046 INFO SQLite connection closed.
2026-02-03 12:06:23,047 INFO HTTP session closed.
2026-02-04 12:00:14,332 INFO Login successful.
2026-02-04 12:00:18,997 INFO Active rowers this season: 29
2026-02-04 12:02:36,720 INFO Planned 0 new workouts (interleaved across 29 rowers).
2026-02-04 12:02:36,721 INFO No new workouts to fetch. Done.
2026-02-04 12:02:36,722 INFO SQLite connection closed.
2026-02-04 12:02:36,723 INFO HTTP session closed.
2026-02-05 12:00:11,902 INFO Login successful.
2026-02-05 12:00:19,444 INFO Active rowers this season: 29
2026-02-05 12:02:37,083 INFO Planned 4 new workouts (interleaved across 29 rowers).
2026-02-05 12:02:42,232 INFO Fetched 4 workouts.
2026-02-05 12:02:42,243 INFO ✅ Inserted 4 workouts.
2026-02-05 12:02:42,243 INFO Script ran successfully! Elapsed time: 160.06s
2026-02-05 12:02:42,243 INFO SQLite connection closed.
2026-02-05 12:02:42,243 INFO HTTP session closed.
2026-02-06 12:00:08,732 INFO Login successful.
2026-02-06 12:00:11,075 INFO Active rowers this season: 29
2026-02-06 12:01:15,725 INFO Planned 0 new workouts (interleaved across 29 rowers).
2026-02-06 12:01:15,726 INFO No new workouts to fetch. Done.
2026-02-06 12:01:15,726 INFO SQLite connection closed.
2026-02-06 12:01:15,726 INFO HTTP session closed.
2026-02-08 12:00:08,348 INFO Login successful.
2026-02-08 12:00:12,056 INFO Active rowers this season: 29
2026-02-08 12:01:41,851 INFO Planned 0 new workouts (interleaved across 29 rowers).
2026-02-08 12:01:41,852 INFO No new workouts to fetch. Done.
2026-02-08 12:01:41,852 INFO SQLite connection closed.
2026-02-08 12:01:41,853 INFO HTTP session closed.
2026-02-09 12:12:43,358 INFO Login successful.
2026-02-09 12:12:45,568 INFO Active rowers this season: 29
2026-02-09 12:15:09,896 INFO Planned 0 new workouts (interleaved across 29 rowers).
2026-02-09 12:15:09,896 INFO No new workouts to fetch. Done.
2026-02-09 12:15:09,897 INFO SQLite connection closed.
2026-02-09 12:15:09,898 INFO HTTP session closed.
2026-02-10 12:00:04,107 INFO Login successful.
2026-02-10 12:00:04,844 INFO Active rowers this season: 29
2026-02-10 12:00:25,680 INFO Planned 0 new workouts (interleaved across 29 rowers).
2026-02-10 12:00:25,680 INFO No new workouts to fetch. Done.
2026-02-10 12:00:25,681 INFO SQLite connection closed.
2026-02-10 12:00:25,681 INFO HTTP session closed.
2026-02-11 12:00:05,001 INFO Login successful.
2026-02-11 12:00:06,668 INFO Active rowers this season: 29
2026-02-11 12:00:30,445 INFO Planned 4 new workouts (interleaved across 29 rowers).
2026-02-11 12:00:33,974 INFO Fetched 4 workouts.
2026-02-11 12:00:33,985 INFO ✅ Inserted 4 workouts.
2026-02-11 12:00:33,985 INFO Script ran successfully! Elapsed time: 31.93s
2026-02-11 12:00:33,985 INFO SQLite connection closed.
2026-02-11 12:00:33,985 INFO HTTP session closed.
2026-02-12 12:22:52,990 WARNING Retrying (Retry(total=4, connect=None, read=None, redirect=None, status=None)) after connection broken by 'NameResolutionError("<urllib3.connection.HTTPSConnection object at 0x782e9ebcb8e0>: Failed to resolve 'log.concept2.com' ([Errno -3] Temporary failure in name resolution)")': /login
2026-02-12 12:22:54,003 WARNING Retrying (Retry(total=3, connect=None, read=None, redirect=None, status=None)) after connection broken by 'NameResolutionError("<urllib3.connection.HTTPSConnection object at 0x782e9ebcbb50>: Failed to resolve 'log.concept2.com' ([Errno -3] Temporary failure in name resolution)")': /login
2026-02-12 12:22:56,027 WARNING Retrying (Retry(total=2, connect=None, read=None, redirect=None, status=None)) after connection broken by 'NameResolutionError("<urllib3.connection.HTTPSConnection object at 0x782e9ebcbd30>: Failed to resolve 'log.concept2.com' ([Errno -3] Temporary failure in name resolution)")': /login
2026-02-12 12:23:00,052 WARNING Retrying (Retry(total=1, connect=None, read=None, redirect=None, status=None)) after connection broken by 'NameResolutionError("<urllib3.connection.HTTPSConnection object at 0x782e9ebcbf10>: Failed to resolve 'log.concept2.com' ([Errno -3] Temporary failure in name resolution)")': /login
2026-02-12 12:23:01,773 INFO Login successful.
2026-02-12 12:23:02,420 INFO Active rowers this season: 29
2026-02-12 12:23:19,832 INFO Planned 2 new workouts (interleaved across 29 rowers).
2026-02-12 12:23:21,267 INFO Fetched 2 workouts.
2026-02-12 12:23:21,352 INFO ✅ Inserted 2 workouts.
2026-02-12 12:23:21,353 INFO Script ran successfully! Elapsed time: 28.38s
2026-02-12 12:23:21,353 INFO SQLite connection closed.
2026-02-12 12:23:21,354 INFO HTTP session closed.
2026-02-13 12:00:04,140 INFO Login successful.
2026-02-13 12:00:04,855 INFO Active rowers this season: 29
2026-02-13 12:00:23,542 INFO Planned 0 new workouts (interleaved across 29 rowers).
2026-02-13 12:00:23,543 INFO No new workouts to fetch. Done.
2026-02-13 12:00:23,543 INFO SQLite connection closed.
2026-02-13 12:00:23,544 INFO HTTP session closed.
2026-02-14 12:00:05,583 INFO Login successful.
2026-02-14 12:00:09,708 INFO Active rowers this season: 29
2026-02-14 12:00:46,517 INFO Planned 13 new workouts (interleaved across 29 rowers).
2026-02-14 12:00:50,332 INFO Fetched 13 workouts.
2026-02-14 12:00:50,344 INFO ✅ Inserted 13 workouts.
2026-02-14 12:00:50,344 INFO Script ran successfully! Elapsed time: 48.67s
2026-02-14 12:00:50,345 INFO SQLite connection closed.
2026-02-14 12:00:50,345 INFO HTTP session closed.
2026-02-16 12:00:04,902 INFO Login successful.
2026-02-16 12:00:05,951 INFO Active rowers this season: 29
2026-02-16 12:00:28,798 INFO Planned 0 new workouts (interleaved across 29 rowers).
2026-02-16 12:00:28,799 INFO No new workouts to fetch. Done.
2026-02-16 12:00:28,799 INFO SQLite connection closed.
2026-02-16 12:00:28,800 INFO HTTP session closed.
2026-02-17 12:00:04,669 INFO Login successful.
2026-02-17 12:00:05,935 INFO Active rowers this season: 29
2026-02-17 12:00:27,467 INFO Planned 0 new workouts (interleaved across 29 rowers).
2026-02-17 12:00:27,467 INFO No new workouts to fetch. Done.
2026-02-17 12:00:27,467 INFO SQLite connection closed.
2026-02-17 12:00:27,468 INFO HTTP session closed.
2026-02-18 12:00:03,209 INFO Login successful.
2026-02-18 12:00:03,854 INFO Active rowers this season: 29
2026-02-18 12:00:21,415 INFO Planned 0 new workouts (interleaved across 29 rowers).
2026-02-18 12:00:21,415 INFO No new workouts to fetch. Done.
2026-02-18 12:00:21,415 INFO SQLite connection closed.
2026-02-18 12:00:21,416 INFO HTTP session closed.
2026-02-19 12:00:03,295 INFO Login successful.
2026-02-19 12:00:04,022 INFO Active rowers this season: 29
2026-02-19 12:50:22,831 WARNING Retrying (Retry(total=4, connect=None, read=None, redirect=None, status=None)) after connection broken by 'ReadTimeoutError("HTTPSConnectionPool(host='log.concept2.com', port=443): Read timed out. (read timeout=30)")': /api/users/2449239/results?from=2026-02-19&to=2026-03-01&number=250&page=1
2026-02-19 12:50:36,708 INFO Planned 6 new workouts (interleaved across 29 rowers).
2026-02-19 12:50:39,715 INFO Fetched 6 workouts.
2026-02-19 12:50:39,726 INFO ✅ Inserted 6 workouts.
2026-02-19 12:50:39,726 INFO Script ran successfully! Elapsed time: 3038.26s
2026-02-19 12:50:39,727 INFO SQLite connection closed.
2026-02-19 12:50:39,727 INFO HTTP session closed.
2026-02-21 12:00:07,564 INFO Login successful.
2026-02-21 12:00:09,461 INFO Active rowers this season: 29
2026-02-21 12:00:45,239 INFO Planned 0 new workouts (interleaved across 29 rowers).
2026-02-21 12:00:45,239 INFO No new workouts to fetch. Done.
2026-02-21 12:00:45,240 INFO SQLite connection closed.
2026-02-21 12:00:45,240 INFO HTTP session closed.
2026-02-23 12:00:04,963 INFO Login successful.
2026-02-23 12:00:05,939 INFO Active rowers this season: 29
2026-02-23 12:00:27,763 INFO Planned 0 new workouts (interleaved across 29 rowers).
2026-02-23 12:00:27,764 INFO No new workouts to fetch. Done.
2026-02-23 12:00:27,764 INFO SQLite connection closed.
2026-02-23 12:00:27,764 INFO HTTP session closed.
2026-02-24 12:00:04,883 INFO Login successful.
2026-02-24 12:00:06,151 INFO Active rowers this season: 29
2026-02-24 12:00:25,071 INFO Planned 0 new workouts (interleaved across 29 rowers).
2026-02-24 12:00:25,071 INFO No new workouts to fetch. Done.
2026-02-24 12:00:25,072 INFO SQLite connection closed.
2026-02-24 12:00:25,073 INFO HTTP session closed.
2026-02-25 12:00:04,463 INFO Login successful.
2026-02-25 12:00:06,063 INFO Active rowers this season: 29
2026-02-25 12:00:28,167 INFO Planned 0 new workouts (interleaved across 29 rowers).
2026-02-25 12:00:28,167 INFO No new workouts to fetch. Done.
2026-02-25 12:00:28,168 INFO SQLite connection closed.
2026-02-25 12:00:28,169 INFO HTTP session closed.
2026-02-26 12:00:04,390 INFO Login successful.
2026-02-26 12:00:05,592 INFO Active rowers this season: 29
2026-02-26 12:00:27,573 INFO Planned 15 new workouts (interleaved across 29 rowers).
2026-02-26 12:00:32,606 INFO Fetched 15 workouts.
2026-02-26 12:00:32,639 INFO ✅ Inserted 15 workouts.
2026-02-26 12:00:32,639 INFO Script ran successfully! Elapsed time: 30.66s
2026-02-26 12:00:32,640 INFO SQLite connection closed.
2026-02-26 12:00:32,641 INFO HTTP session closed.
2026-02-27 12:00:03,305 INFO Login successful.
2026-02-27 12:00:04,052 INFO Active rowers this season: 29
2026-02-27 12:00:19,685 INFO Planned 5 new workouts (interleaved across 29 rowers).
2026-02-27 12:00:21,166 INFO Fetched 5 workouts.
2026-02-27 12:00:21,178 INFO ✅ Inserted 5 workouts.
2026-02-27 12:00:21,179 INFO Script ran successfully! Elapsed time: 19.81s
2026-02-27 12:00:21,179 INFO SQLite connection closed.
2026-02-27 12:00:21,180 INFO HTTP session closed.
2026-03-01 12:21:27,102 INFO Login successful.
2026-03-01 12:21:28,266 INFO Active rowers this season: 29
2026-03-01 12:21:43,520 INFO Planned 5 new workouts (interleaved across 29 rowers).
2026-03-01 12:21:46,068 INFO Fetched 5 workouts.
2026-03-01 12:21:46,082 INFO ✅ Inserted 5 workouts.
2026-03-01 12:21:46,082 INFO Script ran successfully! Elapsed time: 20.56s
2026-03-01 12:21:46,083 INFO SQLite connection closed.
2026-03-01 12:21:46,084 INFO HTTP session closed.
2026-03-02 12:00:03,328 INFO Login successful.
2026-03-02 12:00:04,013 INFO Active rowers this season: 29
2026-03-02 12:00:18,976 INFO Planned 3 new workouts (interleaved across 29 rowers).
2026-03-02 12:00:21,389 INFO Fetched 3 workouts.
2026-03-02 12:00:21,415 INFO ✅ Inserted 3 workouts.
2026-03-02 12:00:21,415 INFO Script ran successfully! Elapsed time: 19.79s
2026-03-02 12:00:21,416 INFO SQLite connection closed.
2026-03-02 12:00:21,417 INFO HTTP session closed.
2026-03-03 12:10:02,747 WARNING Retrying (Retry(total=4, connect=None, read=None, redirect=None, status=None)) after connection broken by 'NameResolutionError("<urllib3.connection.HTTPSConnection object at 0x7f7578fc77f0>: Failed to resolve 'log.concept2.com' ([Errno -3] Temporary failure in name resolution)")': /login
2026-03-03 12:10:03,757 WARNING Retrying (Retry(total=3, connect=None, read=None, redirect=None, status=None)) after connection broken by 'NameResolutionError("<urllib3.connection.HTTPSConnection object at 0x7f7578fc7a60>: Failed to resolve 'log.concept2.com' ([Errno -3] Temporary failure in name resolution)")': /login
2026-03-03 12:10:05,771 WARNING Retrying (Retry(total=2, connect=None, read=None, redirect=None, status=None)) after connection broken by 'NameResolutionError("<urllib3.connection.HTTPSConnection object at 0x7f7578fc7c40>: Failed to resolve 'log.concept2.com' ([Errno -3] Temporary failure in name resolution)")': /login
2026-03-03 12:10:07,387 INFO Login successful.
2026-03-03 12:10:08,037 INFO Active rowers this season: 29
2026-03-03 12:10:24,296 INFO Planned 5 new workouts (interleaved across 29 rowers).
2026-03-03 12:10:26,960 INFO Fetched 5 workouts.
2026-03-03 12:10:26,998 INFO ✅ Inserted 5 workouts.
2026-03-03 12:10:26,998 INFO Script ran successfully! Elapsed time: 24.26s
2026-03-03 12:10:26,999 INFO SQLite connection closed.
2026-03-03 12:10:26,999 INFO HTTP session closed.
2026-03-04 12:00:04,654 INFO Login successful.
2026-03-04 12:00:05,902 INFO Active rowers this season: 29
2026-03-04 12:00:25,280 INFO Planned 5 new workouts (interleaved across 29 rowers).
2026-03-04 12:00:27,811 INFO Fetched 5 workouts.
2026-03-04 12:00:27,824 INFO ✅ Inserted 5 workouts.
2026-03-04 12:00:27,824 INFO Script ran successfully! Elapsed time: 25.60s
2026-03-04 12:00:27,825 INFO SQLite connection closed.
2026-03-04 12:00:27,826 INFO HTTP session closed.
2026-03-05 12:00:04,362 INFO Login successful.
2026-03-05 12:00:05,664 INFO Active rowers this season: 29
2026-03-05 12:00:28,072 INFO Planned 7 new workouts (interleaved across 29 rowers).
2026-03-05 12:00:31,963 INFO Fetched 7 workouts.
2026-03-05 12:00:31,994 INFO ✅ Inserted 7 workouts.
2026-03-05 12:00:31,994 INFO Script ran successfully! Elapsed time: 30.24s
2026-03-05 12:00:31,995 INFO SQLite connection closed.
2026-03-05 12:00:31,996 INFO HTTP session closed.
2026-03-06 12:00:03,912 INFO Login successful.
2026-03-06 12:00:04,659 INFO Active rowers this season: 29
2026-03-06 12:00:22,571 INFO Planned 1 new workouts (interleaved across 29 rowers).
2026-03-06 12:00:22,581 INFO Fetched 1 workouts.
2026-03-06 12:00:22,590 INFO ✅ Inserted 1 workouts.
2026-03-06 12:00:22,590 INFO Script ran successfully! Elapsed time: 20.61s
2026-03-06 12:00:22,591 INFO SQLite connection closed.
2026-03-06 12:00:22,592 INFO HTTP session closed.
2026-03-09 12:06:47,171 INFO Login successful.
2026-03-09 12:06:47,818 INFO Active rowers this season: 29
2026-03-09 12:07:02,216 INFO Planned 0 new workouts (interleaved across 29 rowers).
2026-03-09 12:07:02,217 INFO No new workouts to fetch. Done.
2026-03-09 12:07:02,217 INFO SQLite connection closed.
2026-03-09 12:07:02,218 INFO HTTP session closed.
2026-03-11 12:00:05,199 INFO Login successful.
2026-03-11 12:00:06,546 INFO Active rowers this season: 29
2026-03-11 12:00:29,332 INFO Planned 4 new workouts (interleaved across 29 rowers).
2026-03-11 12:00:31,759 INFO Fetched 4 workouts.
2026-03-11 12:00:31,770 INFO ✅ Inserted 4 workouts.
2026-03-11 12:00:31,770 INFO Script ran successfully! Elapsed time: 30.15s
2026-03-11 12:00:31,771 INFO SQLite connection closed.
2026-03-11 12:00:31,772 INFO HTTP session closed.
2026-03-12 12:00:03,163 INFO Login successful.
2026-03-12 12:00:03,963 INFO Active rowers this season: 29
2026-03-12 12:00:21,597 INFO Planned 0 new workouts (interleaved across 29 rowers).
2026-03-12 12:00:21,598 INFO No new workouts to fetch. Done.
2026-03-12 12:00:21,598 INFO SQLite connection closed.
2026-03-12 12:00:21,599 INFO HTTP session closed.
2026-03-23 12:00:04,060 INFO Login successful.
2026-03-23 12:00:04,746 INFO Active rowers this season: 29
2026-03-23 12:00:23,450 INFO Planned 7 new workouts (interleaved across 29 rowers).
2026-03-23 12:00:26,702 INFO Fetched 7 workouts.
2026-03-23 12:00:26,713 INFO ✅ Inserted 7 workouts.
2026-03-23 12:00:26,713 INFO Script ran successfully! Elapsed time: 25.24s
2026-03-23 12:00:26,714 INFO SQLite connection closed.
2026-03-23 12:00:26,714 INFO HTTP session closed.
2026-03-24 12:00:09,993 INFO Login successful.
2026-03-24 12:00:12,609 INFO Active rowers this season: 29
2026-03-24 12:00:53,011 INFO Planned 6 new workouts (interleaved across 29 rowers).
2026-03-24 12:00:55,903 INFO Fetched 6 workouts.
2026-03-24 12:00:55,914 INFO ✅ Inserted 6 workouts.
2026-03-24 12:00:55,914 INFO Script ran successfully! Elapsed time: 54.14s
2026-03-24 12:00:55,915 INFO SQLite connection closed.
2026-03-24 12:00:55,915 INFO HTTP session closed.
2026-03-26 12:00:28,107 INFO Login successful.
2026-03-26 12:00:28,801 INFO Active rowers this season: 29
2026-03-26 12:00:43,741 INFO Planned 17 new workouts (interleaved across 29 rowers).
2026-03-26 12:00:50,452 INFO Fetched 17 workouts.
2026-03-26 12:00:50,469 INFO ✅ Inserted 17 workouts.
2026-03-26 12:00:50,469 INFO Script ran successfully! Elapsed time: 24.25s
2026-03-26 12:00:50,470 INFO SQLite connection closed.
2026-03-26 12:00:50,471 INFO HTTP session closed.
2026-03-27 12:00:03,979 INFO Login successful.
2026-03-27 12:00:04,736 INFO Active rowers this season: 29
2026-03-27 12:00:20,804 INFO Planned 4 new workouts (interleaved across 29 rowers).
2026-03-27 12:00:23,601 INFO Fetched 4 workouts.
2026-03-27 12:00:23,612 INFO ✅ Inserted 4 workouts.
2026-03-27 12:00:23,613 INFO Script ran successfully! Elapsed time: 21.43s
2026-03-27 12:00:23,613 INFO SQLite connection closed.
2026-03-27 12:00:23,613 INFO HTTP session closed.
2026-03-28 12:12:24,887 INFO Login successful.
2026-03-28 12:12:25,489 INFO Active rowers this season: 29
2026-03-28 12:12:40,808 INFO Planned 6 new workouts (interleaved across 29 rowers).
2026-03-28 12:12:43,253 INFO Fetched 6 workouts.
2026-03-28 12:12:43,267 INFO ✅ Inserted 6 workouts.
2026-03-28 12:12:43,267 INFO Script ran successfully! Elapsed time: 19.89s
2026-03-28 12:12:43,268 INFO SQLite connection closed.
2026-03-28 12:12:43,269 INFO HTTP session closed.
2026-03-29 13:53:42,307 INFO Login successful.
2026-03-29 13:53:42,989 INFO Active rowers this season: 29
2026-03-29 13:53:57,869 INFO Planned 1 new workouts (interleaved across 29 rowers).
2026-03-29 13:53:59,213 INFO Fetched 1 workouts.
2026-03-29 13:53:59,225 INFO ✅ Inserted 1 workouts.
2026-03-29 13:53:59,225 INFO Script ran successfully! Elapsed time: 18.33s
2026-03-29 13:53:59,227 INFO SQLite connection closed.
2026-03-29 13:53:59,227 INFO HTTP session closed.
2026-03-30 12:00:04,367 INFO Login successful.
2026-03-30 12:00:05,114 INFO Active rowers this season: 29
2026-03-30 12:00:24,195 INFO Planned 1 new workouts (interleaved across 29 rowers).
2026-03-30 12:00:25,431 INFO Fetched 1 workouts.
2026-03-30 12:00:25,444 INFO ✅ Inserted 1 workouts.
2026-03-30 12:00:25,444 INFO Script ran successfully! Elapsed time: 23.90s
2026-03-30 12:00:25,445 INFO SQLite connection closed.
2026-03-30 12:00:25,446 INFO HTTP session closed.
2026-03-31 12:00:10,470 INFO Login successful.
2026-03-31 12:00:12,820 INFO Active rowers this season: 29
2026-03-31 12:00:36,177 INFO Planned 9 new workouts (interleaved across 29 rowers).
2026-03-31 12:00:38,559 INFO Fetched 9 workouts.
2026-03-31 12:00:38,572 INFO ✅ Inserted 9 workouts.
2026-03-31 12:00:38,572 INFO Script ran successfully! Elapsed time: 36.84s
2026-03-31 12:00:38,573 INFO SQLite connection closed.
2026-03-31 12:00:38,574 INFO HTTP session closed.
2026-04-01 12:00:03,582 INFO Login successful.
2026-04-01 12:00:04,648 INFO Active rowers this season: 29
2026-04-01 12:00:28,281 INFO Planned 0 new workouts (interleaved across 29 rowers).
2026-04-01 12:00:28,281 INFO No new workouts to fetch. Done.
2026-04-01 12:00:28,282 INFO SQLite connection closed.
2026-04-01 12:00:28,283 INFO HTTP session closed.
2026-04-02 12:00:04,059 INFO Login successful.
2026-04-02 12:00:05,029 INFO Active rowers this season: 29
2026-04-02 12:00:23,024 INFO Planned 1 new workouts (interleaved across 29 rowers).
2026-04-02 12:00:23,036 INFO Fetched 1 workouts.
2026-04-02 12:00:23,044 INFO ✅ Inserted 1 workouts.
2026-04-02 12:00:23,044 INFO Script ran successfully! Elapsed time: 21.10s
2026-04-02 12:00:23,045 INFO SQLite connection closed.
2026-04-02 12:00:23,046 INFO HTTP session closed.
2026-04-03 12:00:03,875 INFO Login successful.
2026-04-03 12:00:04,888 INFO Active rowers this season: 29
2026-04-03 12:00:26,394 INFO Planned 7 new workouts (interleaved across 29 rowers).
2026-04-03 12:00:29,760 INFO Fetched 7 workouts.
2026-04-03 12:00:29,775 INFO ✅ Inserted 7 workouts.
2026-04-03 12:00:29,775 INFO Script ran successfully! Elapsed time: 28.03s
2026-04-03 12:00:29,776 INFO SQLite connection closed.
2026-04-03 12:00:29,777 INFO HTTP session closed.
2026-04-05 13:22:46,406 INFO Login successful.
2026-04-05 13:22:47,071 INFO Active rowers this season: 29
2026-04-05 13:23:03,555 INFO Planned 1 new workouts (interleaved across 29 rowers).
2026-04-05 13:23:04,748 INFO Fetched 1 workouts.
2026-04-05 13:23:04,774 INFO ✅ Inserted 1 workouts.
2026-04-05 13:23:04,774 INFO Script ran successfully! Elapsed time: 19.97s
2026-04-05 13:23:04,775 INFO SQLite connection closed.
2026-04-05 13:23:04,775 INFO HTTP session closed.
2026-04-06 12:00:04,683 INFO Login successful.
2026-04-06 12:00:05,790 INFO Active rowers this season: 29
2026-04-06 12:00:23,539 INFO Planned 3 new workouts (interleaved across 29 rowers).
2026-04-06 12:00:24,924 INFO Fetched 3 workouts.
2026-04-06 12:00:24,965 INFO ✅ Inserted 3 workouts.
2026-04-06 12:00:24,965 INFO Script ran successfully! Elapsed time: 22.93s
2026-04-06 12:00:24,965 INFO SQLite connection closed.
2026-04-06 12:00:24,965 INFO HTTP session closed.
2026-04-07 12:31:37,606 INFO Login successful.
